<?xml version="1.0" encoding="UTF-8"?>
<coverage generated="1521410776507" clover="3.2.0">
  <project timestamp="1521410776507" name="All files">
    <metrics statements="76" coveredstatements="76" conditionals="33" coveredconditionals="33" methods="19" coveredmethods="19" elements="128" coveredelements="128" complexity="0" loc="76" ncloc="76" packages="2" files="2" classes="2">
      <package name="co-koa-mongoose-plugin">
        <metrics statements="38" coveredstatements="38" conditionals="18" coveredconditionals="18" methods="7" coveredmethods="7"/>
        <file name="index.js" path="/home/jay/codeBase/npm/co-koa-mongoose-plugin/index.js">
          <metrics statements="38" coveredstatements="38" conditionals="18" coveredconditionals="18" methods="7" coveredmethods="7"/>
          <line num="1" count="1" type="stmt"/>
          <line num="2" count="1" type="stmt"/>
          <line num="3" count="1" type="stmt"/>
          <line num="4" count="1" type="stmt"/>
          <line num="5" count="1" type="stmt"/>
          <line num="7" count="1" type="stmt"/>
          <line num="9" count="1" type="stmt"/>
          <line num="14" count="6" type="stmt"/>
          <line num="15" count="4" type="stmt"/>
          <line num="16" count="5" type="stmt"/>
          <line num="17" count="5" type="cond" truecount="4" falsecount="0"/>
          <line num="18" count="3" type="cond" truecount="2" falsecount="0"/>
          <line num="19" count="2" type="stmt"/>
          <line num="20" count="2" type="stmt"/>
          <line num="21" count="2" type="cond" truecount="2" falsecount="0"/>
          <line num="22" count="2" type="stmt"/>
          <line num="23" count="2" type="stmt"/>
          <line num="24" count="2" type="stmt"/>
          <line num="25" count="4" type="stmt"/>
          <line num="27" count="1" type="stmt"/>
          <line num="32" count="6" type="stmt"/>
          <line num="33" count="6" type="cond" truecount="2" falsecount="0"/>
          <line num="35" count="1" type="stmt"/>
          <line num="36" count="1" type="cond" truecount="2" falsecount="0"/>
          <line num="40" count="6" type="stmt"/>
          <line num="41" count="6" type="stmt"/>
          <line num="42" count="6" type="stmt"/>
          <line num="43" count="6" type="stmt"/>
          <line num="46" count="6" type="stmt"/>
          <line num="47" count="6" type="stmt"/>
          <line num="48" count="6" type="stmt"/>
          <line num="50" count="1" type="stmt"/>
          <line num="51" count="4" type="stmt"/>
          <line num="52" count="4" type="cond" truecount="2" falsecount="0"/>
          <line num="53" count="1" type="stmt"/>
          <line num="55" count="4" type="stmt"/>
          <line num="56" count="4" type="stmt"/>
          <line num="57" count="2" type="cond" truecount="2" falsecount="0"/>
        </file>
      </package>
      <package name="co-koa-mongoose-plugin.lib">
        <metrics statements="38" coveredstatements="38" conditionals="15" coveredconditionals="15" methods="12" coveredmethods="12"/>
        <file name="ModelFactoryHelper.js" path="/home/jay/codeBase/npm/co-koa-mongoose-plugin/lib/ModelFactoryHelper.js">
          <metrics statements="38" coveredstatements="38" conditionals="15" coveredconditionals="15" methods="12" coveredmethods="12"/>
          <line num="3" count="1" type="stmt"/>
          <line num="4" count="1" type="stmt"/>
          <line num="6" count="1" type="stmt"/>
          <line num="9" count="2" type="stmt"/>
          <line num="10" count="2" type="stmt"/>
          <line num="11" count="2" type="stmt"/>
          <line num="12" count="4" type="cond" truecount="2" falsecount="0"/>
          <line num="13" count="3" type="stmt"/>
          <line num="19" count="4" type="stmt"/>
          <line num="20" count="2" type="stmt"/>
          <line num="21" count="8" type="cond" truecount="4" falsecount="0"/>
          <line num="24" count="4" type="stmt"/>
          <line num="25" count="4" type="stmt"/>
          <line num="27" count="2" type="stmt"/>
          <line num="28" count="2" type="stmt"/>
          <line num="29" count="2" type="stmt"/>
          <line num="31" count="2" type="stmt"/>
          <line num="32" count="2" type="stmt"/>
          <line num="34" count="8" type="stmt"/>
          <line num="38" count="4" type="stmt"/>
          <line num="39" count="2" type="stmt"/>
          <line num="40" count="2" type="stmt"/>
          <line num="42" count="1" type="stmt"/>
          <line num="44" count="2" type="cond" truecount="2" falsecount="0"/>
          <line num="45" count="1" type="stmt"/>
          <line num="46" count="1" type="stmt"/>
          <line num="47" count="1" type="stmt"/>
          <line num="48" count="1" type="stmt"/>
          <line num="49" count="1" type="stmt"/>
          <line num="53" count="4" type="stmt"/>
          <line num="54" count="1" type="stmt"/>
          <line num="55" count="5" type="cond" truecount="4" falsecount="0"/>
          <line num="56" count="4" type="cond" truecount="3" falsecount="0"/>
          <line num="60" count="4" type="stmt"/>
          <line num="61" count="4" type="stmt"/>
          <line num="62" count="6" type="stmt"/>
          <line num="64" count="4" type="stmt"/>
          <line num="72" count="4" type="stmt"/>
        </file>
      </package>
    </metrics>
  </project>
</coverage>
