<?xml version="1.0" encoding="UTF-8"?>
<coverage generated="1522256550881" clover="3.2.0">
  <project timestamp="1522256550881" name="All files">
    <metrics statements="100" coveredstatements="100" conditionals="55" coveredconditionals="54" methods="23" coveredmethods="23" elements="178" coveredelements="177" complexity="0" loc="100" ncloc="100" packages="2" files="2" classes="2">
      <package name="co-koa-mongoose-plugin">
        <metrics statements="41" coveredstatements="41" conditionals="20" coveredconditionals="20" methods="8" coveredmethods="8"/>
        <file name="index.js" path="/home/jay/codeBase/npm/co-koa-mongoose-plugin/index.js">
          <metrics statements="41" coveredstatements="41" conditionals="20" coveredconditionals="20" methods="8" coveredmethods="8"/>
          <line num="1" count="1" type="stmt"/>
          <line num="2" count="1" type="stmt"/>
          <line num="3" count="1" type="stmt"/>
          <line num="4" count="1" type="stmt"/>
          <line num="5" count="1" type="stmt"/>
          <line num="7" count="1" type="stmt"/>
          <line num="9" count="1" type="stmt"/>
          <line num="15" count="7" type="stmt"/>
          <line num="16" count="5" type="stmt"/>
          <line num="17" count="6" type="stmt"/>
          <line num="18" count="6" type="cond" truecount="4" falsecount="0"/>
          <line num="19" count="4" type="cond" truecount="2" falsecount="0"/>
          <line num="20" count="3" type="stmt"/>
          <line num="21" count="3" type="stmt"/>
          <line num="22" count="2" type="stmt"/>
          <line num="23" count="2" type="cond" truecount="2" falsecount="0"/>
          <line num="24" count="2" type="stmt"/>
          <line num="25" count="2" type="stmt"/>
          <line num="26" count="2" type="stmt"/>
          <line num="27" count="4" type="stmt"/>
          <line num="30" count="1" type="stmt"/>
          <line num="32" count="1" type="stmt"/>
          <line num="37" count="7" type="stmt"/>
          <line num="38" count="7" type="cond" truecount="2" falsecount="0"/>
          <line num="40" count="1" type="stmt"/>
          <line num="41" count="1" type="cond" truecount="2" falsecount="0"/>
          <line num="45" count="7" type="stmt"/>
          <line num="46" count="7" type="stmt"/>
          <line num="47" count="7" type="stmt"/>
          <line num="48" count="7" type="stmt"/>
          <line num="51" count="7" type="stmt"/>
          <line num="52" count="7" type="stmt"/>
          <line num="53" count="7" type="stmt"/>
          <line num="55" count="1" type="stmt"/>
          <line num="56" count="5" type="stmt"/>
          <line num="57" count="5" type="cond" truecount="2" falsecount="0"/>
          <line num="58" count="1" type="stmt"/>
          <line num="60" count="5" type="stmt"/>
          <line num="61" count="5" type="stmt"/>
          <line num="62" count="2" type="cond" truecount="2" falsecount="0"/>
          <line num="63" count="5" type="cond" truecount="2" falsecount="0"/>
        </file>
      </package>
      <package name="co-koa-mongoose-plugin.lib">
        <metrics statements="59" coveredstatements="59" conditionals="35" coveredconditionals="34" methods="15" coveredmethods="15"/>
        <file name="ModelFactoryHelper.js" path="/home/jay/codeBase/npm/co-koa-mongoose-plugin/lib/ModelFactoryHelper.js">
          <metrics statements="59" coveredstatements="59" conditionals="35" coveredconditionals="34" methods="15" coveredmethods="15"/>
          <line num="3" count="1" type="stmt"/>
          <line num="4" count="1" type="stmt"/>
          <line num="6" count="1" type="stmt"/>
          <line num="9" count="3" type="cond" truecount="2" falsecount="0"/>
          <line num="10" count="1" type="stmt"/>
          <line num="11" count="1" type="stmt"/>
          <line num="12" count="3" type="cond" truecount="2" falsecount="0"/>
          <line num="13" count="2" type="cond" truecount="2" falsecount="0"/>
          <line num="14" count="1" type="stmt"/>
          <line num="15" count="1" type="stmt"/>
          <line num="16" count="3" type="cond" truecount="2" falsecount="0"/>
          <line num="17" count="2" type="cond" truecount="2" falsecount="0"/>
          <line num="18" count="1" type="stmt"/>
          <line num="19" count="1" type="stmt"/>
          <line num="20" count="1" type="stmt"/>
          <line num="22" count="1" type="stmt"/>
          <line num="23" count="1" type="stmt"/>
          <line num="29" count="3" type="stmt"/>
          <line num="30" count="3" type="stmt"/>
          <line num="31" count="4" type="stmt"/>
          <line num="32" count="4" type="cond" truecount="2" falsecount="0"/>
          <line num="33" count="3" type="stmt"/>
          <line num="34" count="7" type="cond" truecount="4" falsecount="0"/>
          <line num="35" count="3" type="stmt"/>
          <line num="36" count="4" type="stmt"/>
          <line num="38" count="1" type="stmt"/>
          <line num="42" count="5" type="stmt"/>
          <line num="43" count="3" type="stmt"/>
          <line num="44" count="12" type="cond" truecount="5" falsecount="0"/>
          <line num="47" count="4" type="stmt"/>
          <line num="48" count="4" type="stmt"/>
          <line num="50" count="2" type="stmt"/>
          <line num="51" count="2" type="stmt"/>
          <line num="52" count="2" type="stmt"/>
          <line num="54" count="3" type="stmt"/>
          <line num="55" count="3" type="stmt"/>
          <line num="57" count="3" type="stmt"/>
          <line num="58" count="3" type="stmt"/>
          <line num="60" count="12" type="stmt"/>
          <line num="64" count="5" type="stmt"/>
          <line num="65" count="2" type="stmt"/>
          <line num="66" count="2" type="stmt"/>
          <line num="68" count="1" type="stmt"/>
          <line num="70" count="2" type="cond" truecount="2" falsecount="0"/>
          <line num="71" count="1" type="stmt"/>
          <line num="72" count="1" type="stmt"/>
          <line num="73" count="1" type="stmt"/>
          <line num="74" count="1" type="stmt"/>
          <line num="75" count="1" type="stmt"/>
          <line num="79" count="5" type="stmt"/>
          <line num="80" count="1" type="stmt"/>
          <line num="81" count="7" type="cond" truecount="4" falsecount="0"/>
          <line num="82" count="4" type="cond" truecount="3" falsecount="0"/>
          <line num="86" count="4" type="stmt"/>
          <line num="87" count="4" type="stmt"/>
          <line num="88" count="9" type="cond" truecount="4" falsecount="1"/>
          <line num="91" count="6" type="stmt"/>
          <line num="94" count="4" type="stmt"/>
          <line num="102" count="5" type="stmt"/>
        </file>
      </package>
    </metrics>
  </project>
</coverage>
