{"/home/jay/codeBase/npm/co-koa-mongoose-plugin/index.js": {"path":"/home/jay/codeBase/npm/co-koa-mongoose-plugin/index.js","statementMap":{"0":{"start":{"line":1,"column":20},"end":{"line":1,"column":43}},"1":{"start":{"line":2,"column":11},"end":{"line":2,"column":24}},"2":{"start":{"line":3,"column":17},"end":{"line":3,"column":36}},"3":{"start":{"line":4,"column":32},"end":{"line":4,"column":69}},"4":{"start":{"line":5,"column":16},"end":{"line":5,"column":34}},"5":{"start":{"line":7,"column":27},"end":{"line":7,"column":62}},"6":{"start":{"line":9,"column":0},"end":{"line":65,"column":3}},"7":{"start":{"line":14,"column":31},"end":{"line":34,"column":5}},"8":{"start":{"line":15,"column":6},"end":{"line":33,"column":8}},"9":{"start":{"line":16,"column":22},"end":{"line":16,"column":38}},"10":{"start":{"line":17,"column":8},"end":{"line":32,"column":9}},"11":{"start":{"line":18,"column":10},"end":{"line":31,"column":51}},"12":{"start":{"line":19,"column":12},"end":{"line":30,"column":13}},"13":{"start":{"line":20,"column":14},"end":{"line":20,"column":69}},"14":{"start":{"line":21,"column":29},"end":{"line":21,"column":77}},"15":{"start":{"line":22,"column":14},"end":{"line":22,"column":57}},"16":{"start":{"line":22,"column":31},"end":{"line":22,"column":57}},"17":{"start":{"line":23,"column":30},"end":{"line":23,"column":75}},"18":{"start":{"line":24,"column":28},"end":{"line":24,"column":61}},"19":{"start":{"line":25,"column":14},"end":{"line":27,"column":17}},"20":{"start":{"line":26,"column":16},"end":{"line":26,"column":54}},"21":{"start":{"line":29,"column":14},"end":{"line":29,"column":61}},"22":{"start":{"line":31,"column":17},"end":{"line":31,"column":51}},"23":{"start":{"line":36,"column":32},"end":{"line":42,"column":5}},"24":{"start":{"line":37,"column":6},"end":{"line":41,"column":7}},"25":{"start":{"line":37,"column":48},"end":{"line":37,"column":72}},"26":{"start":{"line":39,"column":27},"end":{"line":39,"column":58}},"27":{"start":{"line":40,"column":8},"end":{"line":40,"column":82}},"28":{"start":{"line":44,"column":4},"end":{"line":63,"column":6}},"29":{"start":{"line":45,"column":23},"end":{"line":45,"column":36}},"30":{"start":{"line":46,"column":21},"end":{"line":46,"column":41}},"31":{"start":{"line":47,"column":19},"end":{"line":49,"column":27}},"32":{"start":{"line":50,"column":28},"end":{"line":50,"column":67}},"33":{"start":{"line":51,"column":6},"end":{"line":51,"column":33}},"34":{"start":{"line":52,"column":6},"end":{"line":54,"column":58}},"35":{"start":{"line":54,"column":22},"end":{"line":54,"column":54}},"36":{"start":{"line":55,"column":6},"end":{"line":55,"column":46}},"37":{"start":{"line":56,"column":6},"end":{"line":58,"column":7}},"38":{"start":{"line":57,"column":8},"end":{"line":57,"column":70}},"39":{"start":{"line":59,"column":6},"end":{"line":59,"column":67}},"40":{"start":{"line":60,"column":6},"end":{"line":61,"column":76}},"41":{"start":{"line":61,"column":20},"end":{"line":61,"column":75}},"42":{"start":{"line":62,"column":6},"end":{"line":62,"column":31}}},"fnMap":{"0":{"name":"(anonymous_0)","decl":{"start":{"line":14,"column":31},"end":{"line":14,"column":32}},"loc":{"start":{"line":14,"column":52},"end":{"line":34,"column":5}},"line":14},"1":{"name":"(anonymous_1)","decl":{"start":{"line":15,"column":13},"end":{"line":15,"column":14}},"loc":{"start":{"line":15,"column":43},"end":{"line":33,"column":7}},"line":15},"2":{"name":"(anonymous_2)","decl":{"start":{"line":25,"column":30},"end":{"line":25,"column":31}},"loc":{"start":{"line":25,"column":38},"end":{"line":27,"column":15}},"line":25},"3":{"name":"(anonymous_3)","decl":{"start":{"line":36,"column":32},"end":{"line":36,"column":33}},"loc":{"start":{"line":36,"column":45},"end":{"line":42,"column":5}},"line":36},"4":{"name":"(anonymous_4)","decl":{"start":{"line":44,"column":16},"end":{"line":44,"column":17}},"loc":{"start":{"line":44,"column":34},"end":{"line":63,"column":5}},"line":44},"5":{"name":"(anonymous_5)","decl":{"start":{"line":54,"column":15},"end":{"line":54,"column":16}},"loc":{"start":{"line":54,"column":20},"end":{"line":54,"column":56}},"line":54},"6":{"name":"(anonymous_6)","decl":{"start":{"line":61,"column":8},"end":{"line":61,"column":9}},"loc":{"start":{"line":61,"column":20},"end":{"line":61,"column":75}},"line":61}},"branchMap":{"0":{"loc":{"start":{"line":11,"column":4},"end":{"line":11,"column":56}},"type":"default-arg","locations":[{"start":{"line":11,"column":23},"end":{"line":11,"column":56}}],"line":11},"1":{"loc":{"start":{"line":12,"column":4},"end":{"line":12,"column":28}},"type":"default-arg","locations":[{"start":{"line":12,"column":14},"end":{"line":12,"column":28}}],"line":12},"2":{"loc":{"start":{"line":17,"column":8},"end":{"line":32,"column":9}},"type":"if","locations":[{"start":{"line":17,"column":8},"end":{"line":32,"column":9}},{"start":{"line":17,"column":8},"end":{"line":32,"column":9}}],"line":17},"3":{"loc":{"start":{"line":17,"column":12},"end":{"line":17,"column":81}},"type":"binary-expr","locations":[{"start":{"line":17,"column":12},"end":{"line":17,"column":46}},{"start":{"line":17,"column":50},"end":{"line":17,"column":81}}],"line":17},"4":{"loc":{"start":{"line":18,"column":10},"end":{"line":31,"column":51}},"type":"if","locations":[{"start":{"line":18,"column":10},"end":{"line":31,"column":51}},{"start":{"line":18,"column":10},"end":{"line":31,"column":51}}],"line":18},"5":{"loc":{"start":{"line":22,"column":14},"end":{"line":22,"column":57}},"type":"if","locations":[{"start":{"line":22,"column":14},"end":{"line":22,"column":57}},{"start":{"line":22,"column":14},"end":{"line":22,"column":57}}],"line":22},"6":{"loc":{"start":{"line":37,"column":6},"end":{"line":41,"column":7}},"type":"if","locations":[{"start":{"line":37,"column":6},"end":{"line":41,"column":7}},{"start":{"line":37,"column":6},"end":{"line":41,"column":7}}],"line":37},"7":{"loc":{"start":{"line":40,"column":15},"end":{"line":40,"column":81}},"type":"binary-expr","locations":[{"start":{"line":40,"column":15},"end":{"line":40,"column":25}},{"start":{"line":40,"column":29},"end":{"line":40,"column":81}}],"line":40},"8":{"loc":{"start":{"line":56,"column":6},"end":{"line":58,"column":7}},"type":"if","locations":[{"start":{"line":56,"column":6},"end":{"line":58,"column":7}},{"start":{"line":56,"column":6},"end":{"line":58,"column":7}}],"line":56},"9":{"loc":{"start":{"line":61,"column":20},"end":{"line":61,"column":75}},"type":"cond-expr","locations":[{"start":{"line":61,"column":38},"end":{"line":61,"column":63}},{"start":{"line":61,"column":66},"end":{"line":61,"column":75}}],"line":61}},"s":{"0":1,"1":1,"2":1,"3":1,"4":1,"5":1,"6":1,"7":6,"8":4,"9":6,"10":6,"11":4,"12":3,"13":3,"14":2,"15":2,"16":1,"17":2,"18":2,"19":2,"20":4,"21":1,"22":1,"23":6,"24":6,"25":5,"26":1,"27":1,"28":6,"29":6,"30":6,"31":6,"32":6,"33":6,"34":6,"35":1,"36":4,"37":4,"38":1,"39":4,"40":4,"41":2,"42":4},"f":{"0":4,"1":6,"2":4,"3":6,"4":6,"5":1,"6":2},"b":{"0":[4],"1":[6],"2":[4,2],"3":[6,5],"4":[3,1],"5":[1,1],"6":[5,1],"7":[1,1],"8":[1,3],"9":[1,1]},"_coverageSchema":"332fd63041d2c1bcb487cc26dd0d5f7d97098a6c","hash":"099a309ba3e3a04eec60b1ceb4cfb80b1df265e9"}
,"/home/jay/codeBase/npm/co-koa-mongoose-plugin/lib/ModelFactoryHelper.js": {"path":"/home/jay/codeBase/npm/co-koa-mongoose-plugin/lib/ModelFactoryHelper.js","statementMap":{"0":{"start":{"line":3,"column":17},"end":{"line":3,"column":36}},"1":{"start":{"line":4,"column":16},"end":{"line":4,"column":34}},"2":{"start":{"line":6,"column":27},"end":{"line":74,"column":2}},"3":{"start":{"line":9,"column":6},"end":{"line":16,"column":9}},"4":{"start":{"line":10,"column":24},"end":{"line":10,"column":43}},"5":{"start":{"line":11,"column":8},"end":{"line":15,"column":11}},"6":{"start":{"line":12,"column":10},"end":{"line":14,"column":11}},"7":{"start":{"line":13,"column":12},"end":{"line":13,"column":51}},"8":{"start":{"line":19,"column":4},"end":{"line":36,"column":6}},"9":{"start":{"line":20,"column":6},"end":{"line":35,"column":13}},"10":{"start":{"line":21,"column":8},"end":{"line":33,"column":9}},"11":{"start":{"line":24,"column":12},"end":{"line":24,"column":51}},"12":{"start":{"line":25,"column":12},"end":{"line":25,"column":18}},"13":{"start":{"line":27,"column":12},"end":{"line":27,"column":46}},"14":{"start":{"line":28,"column":12},"end":{"line":28,"column":51}},"15":{"start":{"line":29,"column":12},"end":{"line":29,"column":18}},"16":{"start":{"line":31,"column":12},"end":{"line":31,"column":45}},"17":{"start":{"line":32,"column":12},"end":{"line":32,"column":18}},"18":{"start":{"line":34,"column":8},"end":{"line":34,"column":23}},"19":{"start":{"line":38,"column":4},"end":{"line":51,"column":6}},"20":{"start":{"line":39,"column":6},"end":{"line":50,"column":8}},"21":{"start":{"line":40,"column":22},"end":{"line":40,"column":52}},"22":{"start":{"line":42,"column":10},"end":{"line":42,"column":62}},"23":{"start":{"line":44,"column":8},"end":{"line":49,"column":52}},"24":{"start":{"line":45,"column":10},"end":{"line":45,"column":75}},"25":{"start":{"line":46,"column":10},"end":{"line":46,"column":40}},"26":{"start":{"line":47,"column":10},"end":{"line":47,"column":49}},"27":{"start":{"line":48,"column":10},"end":{"line":48,"column":26}},"28":{"start":{"line":49,"column":15},"end":{"line":49,"column":52}},"29":{"start":{"line":53,"column":4},"end":{"line":72,"column":6}},"30":{"start":{"line":54,"column":6},"end":{"line":71,"column":9}},"31":{"start":{"line":55,"column":8},"end":{"line":70,"column":9}},"32":{"start":{"line":56,"column":10},"end":{"line":69,"column":11}},"33":{"start":{"line":60,"column":28},"end":{"line":60,"column":35}},"34":{"start":{"line":61,"column":14},"end":{"line":67,"column":17}},"35":{"start":{"line":62,"column":16},"end":{"line":66,"column":17}},"36":{"start":{"line":65,"column":18},"end":{"line":65,"column":41}},"37":{"start":{"line":68,"column":14},"end":{"line":68,"column":63}},"38":{"start":{"line":76,"column":0},"end":{"line":76,"column":44}},"39":{"start":{"line":76,"column":23},"end":{"line":76,"column":43}}},"fnMap":{"0":{"name":"bindVirtuals","decl":{"start":{"line":8,"column":13},"end":{"line":8,"column":25}},"loc":{"start":{"line":8,"column":45},"end":{"line":17,"column":5}},"line":8},"1":{"name":"(anonymous_1)","decl":{"start":{"line":9,"column":36},"end":{"line":9,"column":37}},"loc":{"start":{"line":9,"column":43},"end":{"line":16,"column":7}},"line":9},"2":{"name":"(anonymous_2)","decl":{"start":{"line":11,"column":31},"end":{"line":11,"column":32}},"loc":{"start":{"line":11,"column":41},"end":{"line":15,"column":9}},"line":11},"3":{"name":"(anonymous_3)","decl":{"start":{"line":19,"column":35},"end":{"line":19,"column":36}},"loc":{"start":{"line":19,"column":60},"end":{"line":36,"column":5}},"line":19},"4":{"name":"(anonymous_4)","decl":{"start":{"line":20,"column":39},"end":{"line":20,"column":40}},"loc":{"start":{"line":20,"column":57},"end":{"line":35,"column":7}},"line":20},"5":{"name":"(anonymous_5)","decl":{"start":{"line":38,"column":29},"end":{"line":38,"column":30}},"loc":{"start":{"line":38,"column":45},"end":{"line":51,"column":5}},"line":38},"6":{"name":"(anonymous_6)","decl":{"start":{"line":39,"column":13},"end":{"line":39,"column":14}},"loc":{"start":{"line":39,"column":39},"end":{"line":50,"column":7}},"line":39},"7":{"name":"newType","decl":{"start":{"line":41,"column":17},"end":{"line":41,"column":24}},"loc":{"start":{"line":41,"column":40},"end":{"line":43,"column":9}},"line":41},"8":{"name":"(anonymous_8)","decl":{"start":{"line":53,"column":33},"end":{"line":53,"column":34}},"loc":{"start":{"line":53,"column":66},"end":{"line":72,"column":5}},"line":53},"9":{"name":"(anonymous_9)","decl":{"start":{"line":54,"column":36},"end":{"line":54,"column":37}},"loc":{"start":{"line":54,"column":44},"end":{"line":71,"column":7}},"line":54},"10":{"name":"(anonymous_10)","decl":{"start":{"line":61,"column":34},"end":{"line":61,"column":35}},"loc":{"start":{"line":61,"column":46},"end":{"line":67,"column":15}},"line":61},"11":{"name":"(anonymous_11)","decl":{"start":{"line":76,"column":17},"end":{"line":76,"column":18}},"loc":{"start":{"line":76,"column":23},"end":{"line":76,"column":43}},"line":76}},"branchMap":{"0":{"loc":{"start":{"line":12,"column":10},"end":{"line":14,"column":11}},"type":"if","locations":[{"start":{"line":12,"column":10},"end":{"line":14,"column":11}},{"start":{"line":12,"column":10},"end":{"line":14,"column":11}}],"line":12},"1":{"loc":{"start":{"line":21,"column":8},"end":{"line":33,"column":9}},"type":"switch","locations":[{"start":{"line":22,"column":10},"end":{"line":22,"column":23}},{"start":{"line":23,"column":10},"end":{"line":25,"column":18}},{"start":{"line":26,"column":10},"end":{"line":29,"column":18}},{"start":{"line":30,"column":10},"end":{"line":32,"column":18}}],"line":21},"2":{"loc":{"start":{"line":44,"column":8},"end":{"line":49,"column":52}},"type":"if","locations":[{"start":{"line":44,"column":8},"end":{"line":49,"column":52}},{"start":{"line":44,"column":8},"end":{"line":49,"column":52}}],"line":44},"3":{"loc":{"start":{"line":55,"column":8},"end":{"line":70,"column":9}},"type":"if","locations":[{"start":{"line":55,"column":8},"end":{"line":70,"column":9}},{"start":{"line":55,"column":8},"end":{"line":70,"column":9}}],"line":55},"4":{"loc":{"start":{"line":55,"column":12},"end":{"line":55,"column":60}},"type":"binary-expr","locations":[{"start":{"line":55,"column":12},"end":{"line":55,"column":39}},{"start":{"line":55,"column":43},"end":{"line":55,"column":60}}],"line":55},"5":{"loc":{"start":{"line":56,"column":10},"end":{"line":69,"column":11}},"type":"switch","locations":[{"start":{"line":57,"column":12},"end":{"line":57,"column":28}},{"start":{"line":58,"column":12},"end":{"line":58,"column":30}},{"start":{"line":59,"column":12},"end":{"line":68,"column":63}}],"line":56},"6":{"loc":{"start":{"line":62,"column":16},"end":{"line":66,"column":17}},"type":"if","locations":[{"start":{"line":62,"column":16},"end":{"line":66,"column":17}},{"start":{"line":62,"column":16},"end":{"line":66,"column":17}}],"line":62},"7":{"loc":{"start":{"line":62,"column":20},"end":{"line":64,"column":49}},"type":"binary-expr","locations":[{"start":{"line":62,"column":20},"end":{"line":62,"column":52}},{"start":{"line":63,"column":20},"end":{"line":63,"column":52}},{"start":{"line":64,"column":20},"end":{"line":64,"column":48}}],"line":62}},"s":{"0":1,"1":1,"2":1,"3":2,"4":2,"5":2,"6":4,"7":3,"8":5,"9":2,"10":8,"11":4,"12":4,"13":2,"14":2,"15":2,"16":2,"17":2,"18":8,"19":5,"20":2,"21":2,"22":1,"23":2,"24":1,"25":1,"26":1,"27":1,"28":1,"29":5,"30":2,"31":9,"32":4,"33":4,"34":4,"35":9,"36":6,"37":4,"38":1,"39":5},"f":{"0":2,"1":2,"2":4,"3":2,"4":8,"5":2,"6":2,"7":1,"8":2,"9":9,"10":9,"11":5},"b":{"0":[3,1],"1":[2,4,2,2],"2":[1,1],"3":[4,5],"4":[9,6],"5":[1,2,4],"6":[6,3],"7":[9,3,0]},"_coverageSchema":"332fd63041d2c1bcb487cc26dd0d5f7d97098a6c","hash":"b235b309c1fa1e9ee7440a1601285f5c51e9e436"}
}
