TN:
SF:/home/jay/codeBase/npm/co-koa-mongoose-plugin/index.js
FN:17,(anonymous_0)
FN:25,(anonymous_1)
FN:26,(anonymous_2)
FN:36,(anonymous_3)
FN:47,(anonymous_4)
FN:49,(anonymous_5)
FN:54,(anonymous_6)
FN:56,(anonymous_7)
FN:62,(anonymous_8)
FN:70,(anonymous_9)
FNF:10
FNH:10
FNDA:5,(anonymous_0)
FNDA:5,(anonymous_1)
FNDA:6,(anonymous_2)
FNDA:4,(anonymous_3)
FNDA:5,(anonymous_4)
FNDA:2,(anonymous_5)
FNDA:5,(anonymous_6)
FNDA:1,(anonymous_7)
FNDA:7,(anonymous_8)
FNDA:1,(anonymous_9)
DA:1,1
DA:2,1
DA:3,1
DA:4,1
DA:5,1
DA:7,1
DA:9,1
DA:15,7
DA:17,7
DA:18,5
DA:19,5
DA:20,1
DA:22,5
DA:25,7
DA:26,5
DA:27,6
DA:28,6
DA:29,4
DA:30,3
DA:31,3
DA:32,2
DA:33,2
DA:34,2
DA:35,2
DA:36,2
DA:37,4
DA:40,1
DA:42,1
DA:47,7
DA:48,5
DA:49,2
DA:54,7
DA:55,5
DA:56,1
DA:57,1
DA:62,7
DA:63,7
DA:66,7
DA:67,7
DA:68,7
DA:70,1
DA:71,5
DA:72,5
DA:73,5
DA:74,5
DA:75,5
LF:46
LH:46
BRDA:11,0,0,5
BRDA:12,1,0,7
BRDA:19,2,0,1
BRDA:19,2,1,4
BRDA:28,3,0,4
BRDA:28,3,1,2
BRDA:28,4,0,6
BRDA:28,4,1,5
BRDA:29,5,0,3
BRDA:29,5,1,1
BRDA:33,6,0,1
BRDA:33,6,1,1
BRDA:49,7,0,1
BRDA:49,7,1,1
BRDA:55,8,0,1
BRDA:55,8,1,4
BRF:16
BRH:16
end_of_record
TN:
SF:/home/jay/codeBase/npm/co-koa-mongoose-plugin/lib/ModelFactoryHelper.js
FN:8,bindHooks
FN:11,(anonymous_1)
FN:15,(anonymous_2)
FN:28,bindVirtuals
FN:30,(anonymous_4)
FN:33,(anonymous_5)
FN:42,(anonymous_6)
FN:43,(anonymous_7)
FN:64,(anonymous_8)
FN:65,(anonymous_9)
FN:67,newType
FN:79,(anonymous_11)
FN:87,(anonymous_12)
FN:88,(anonymous_13)
FN:95,(anonymous_14)
FN:110,(anonymous_15)
FNF:16
FNH:16
FNDA:3,bindHooks
FNDA:3,(anonymous_1)
FNDA:3,(anonymous_2)
FNDA:3,bindVirtuals
FNDA:4,(anonymous_4)
FNDA:7,(anonymous_5)
FNDA:3,(anonymous_6)
FNDA:12,(anonymous_7)
FNDA:2,(anonymous_8)
FNDA:2,(anonymous_9)
FNDA:1,newType
FNDA:3,(anonymous_11)
FNDA:1,(anonymous_12)
FNDA:7,(anonymous_13)
FNDA:9,(anonymous_14)
FNDA:6,(anonymous_15)
DA:3,1
DA:4,1
DA:6,1
DA:9,3
DA:10,1
DA:11,1
DA:12,3
DA:13,2
DA:14,1
DA:15,1
DA:16,3
DA:17,2
DA:18,1
DA:19,1
DA:20,1
DA:22,1
DA:23,1
DA:29,3
DA:30,3
DA:31,4
DA:32,4
DA:33,3
DA:34,7
DA:35,3
DA:36,4
DA:38,1
DA:42,6
DA:43,3
DA:44,12
DA:47,4
DA:48,4
DA:50,2
DA:51,2
DA:52,2
DA:54,3
DA:55,3
DA:57,3
DA:58,3
DA:60,12
DA:64,6
DA:65,2
DA:66,2
DA:68,1
DA:70,2
DA:71,1
DA:72,1
DA:73,1
DA:74,1
DA:75,1
DA:79,6
DA:80,3
DA:82,2
DA:83,2
DA:87,6
DA:88,1
DA:89,7
DA:90,4
DA:94,4
DA:95,4
DA:96,9
DA:99,6
DA:102,4
DA:110,6
LF:63
LH:63
BRDA:9,0,0,1
BRDA:9,0,1,2
BRDA:12,1,0,2
BRDA:12,1,1,1
BRDA:13,2,0,1
BRDA:13,2,1,1
BRDA:16,3,0,2
BRDA:16,3,1,1
BRDA:17,4,0,1
BRDA:17,4,1,1
BRDA:32,5,0,3
BRDA:32,5,1,1
BRDA:34,6,0,3
BRDA:34,6,1,4
BRDA:34,7,0,7
BRDA:34,7,1,4
BRDA:44,8,0,2
BRDA:44,8,1,4
BRDA:44,8,2,2
BRDA:44,8,3,3
BRDA:44,8,4,3
BRDA:70,9,0,1
BRDA:70,9,1,1
BRDA:80,10,0,1
BRDA:80,10,1,2
BRDA:83,11,0,2
BRDA:83,11,1,1
BRDA:89,12,0,4
BRDA:89,12,1,3
BRDA:89,13,0,7
BRDA:89,13,1,5
BRDA:90,14,0,1
BRDA:90,14,1,2
BRDA:90,14,2,4
BRDA:96,15,0,6
BRDA:96,15,1,3
BRDA:96,16,0,9
BRDA:96,16,1,3
BRDA:96,16,2,0
BRF:39
BRH:38
end_of_record
