TN:
SF:/home/jay/codeBase/node/co-koa-mongoose-plugin/index.js
FN:15,(anonymous_0)
FN:16,(anonymous_1)
FN:26,(anonymous_2)
FN:37,(anonymous_3)
FN:45,(anonymous_4)
FN:55,(anonymous_5)
FN:62,(anonymous_6)
FN:63,(anonymous_7)
FNF:8
FNH:8
FNDA:5,(anonymous_0)
FNDA:6,(anonymous_1)
FNDA:4,(anonymous_2)
FNDA:7,(anonymous_3)
FNDA:7,(anonymous_4)
FNDA:1,(anonymous_5)
FNDA:2,(anonymous_6)
FNDA:1,(anonymous_7)
DA:1,1
DA:2,1
DA:3,1
DA:4,1
DA:5,1
DA:7,1
DA:9,1
DA:15,7
DA:16,5
DA:17,6
DA:18,6
DA:19,4
DA:20,3
DA:21,3
DA:22,2
DA:23,2
DA:24,2
DA:25,2
DA:26,2
DA:27,4
DA:30,1
DA:32,1
DA:37,7
DA:38,7
DA:40,1
DA:41,1
DA:45,7
DA:46,7
DA:47,7
DA:48,7
DA:51,7
DA:52,7
DA:53,7
DA:55,1
DA:56,5
DA:57,5
DA:58,1
DA:60,5
DA:61,5
DA:62,2
DA:63,5
LF:41
LH:41
BRDA:11,0,0,5
BRDA:12,1,0,7
BRDA:18,2,0,4
BRDA:18,2,1,2
BRDA:18,3,0,6
BRDA:18,3,1,5
BRDA:19,4,0,3
BRDA:19,4,1,1
BRDA:23,5,0,1
BRDA:23,5,1,1
BRDA:38,6,0,6
BRDA:38,6,1,1
BRDA:41,7,0,1
BRDA:41,7,1,1
BRDA:57,8,0,1
BRDA:57,8,1,4
BRDA:62,9,0,1
BRDA:62,9,1,1
BRDA:63,10,0,1
BRDA:63,10,1,4
BRF:20
BRH:20
end_of_record
TN:
SF:/home/jay/codeBase/node/co-koa-mongoose-plugin/lib/ModelFactoryHelper.js
FN:8,bindHooks
FN:11,(anonymous_1)
FN:15,(anonymous_2)
FN:28,bindVirtuals
FN:30,(anonymous_4)
FN:33,(anonymous_5)
FN:42,(anonymous_6)
FN:43,(anonymous_7)
FN:64,(anonymous_8)
FN:65,(anonymous_9)
FN:67,newType
FN:79,(anonymous_11)
FN:80,(anonymous_12)
FN:87,(anonymous_13)
FN:102,(anonymous_14)
FNF:15
FNH:12
FNDA:0,bindHooks
FNDA:0,(anonymous_1)
FNDA:0,(anonymous_2)
FNDA:2,bindVirtuals
FNDA:2,(anonymous_4)
FNDA:5,(anonymous_5)
FNDA:2,(anonymous_6)
FNDA:8,(anonymous_7)
FNDA:2,(anonymous_8)
FNDA:2,(anonymous_9)
FNDA:1,newType
FNDA:1,(anonymous_11)
FNDA:7,(anonymous_12)
FNDA:9,(anonymous_13)
FNDA:4,(anonymous_14)
DA:3,1
DA:4,1
DA:6,1
DA:9,0
DA:10,0
DA:11,0
DA:12,0
DA:13,0
DA:14,0
DA:15,0
DA:16,0
DA:17,0
DA:18,0
DA:19,0
DA:20,0
DA:22,0
DA:23,0
DA:29,2
DA:30,2
DA:31,2
DA:32,2
DA:33,2
DA:34,5
DA:35,3
DA:36,2
DA:38,0
DA:42,4
DA:43,2
DA:44,8
DA:47,4
DA:48,4
DA:50,2
DA:51,2
DA:52,2
DA:54,2
DA:55,2
DA:57,0
DA:58,0
DA:60,8
DA:64,4
DA:65,2
DA:66,2
DA:68,1
DA:70,2
DA:71,1
DA:72,1
DA:73,1
DA:74,1
DA:75,1
DA:79,4
DA:80,1
DA:81,7
DA:82,4
DA:86,4
DA:87,4
DA:88,9
DA:91,6
DA:94,4
DA:102,4
LF:59
LH:42
BRDA:9,0,0,0
BRDA:9,0,1,0
BRDA:12,1,0,0
BRDA:12,1,1,0
BRDA:13,2,0,0
BRDA:13,2,1,0
BRDA:16,3,0,0
BRDA:16,3,1,0
BRDA:17,4,0,0
BRDA:17,4,1,0
BRDA:32,5,0,2
BRDA:32,5,1,0
BRDA:34,6,0,3
BRDA:34,6,1,2
BRDA:34,7,0,5
BRDA:34,7,1,3
BRDA:44,8,0,2
BRDA:44,8,1,4
BRDA:44,8,2,2
BRDA:44,8,3,2
BRDA:44,8,4,0
BRDA:70,9,0,1
BRDA:70,9,1,1
BRDA:81,10,0,4
BRDA:81,10,1,3
BRDA:81,11,0,7
BRDA:81,11,1,5
BRDA:82,12,0,1
BRDA:82,12,1,2
BRDA:82,12,2,4
BRDA:88,13,0,6
BRDA:88,13,1,3
BRDA:88,14,0,9
BRDA:88,14,1,3
BRDA:88,14,2,0
BRF:35
BRH:22
end_of_record
